2024/07/02 11:19:48 INFO: CreateProduct servicega ma'lumot kelib tushdi...
2024/07/02 11:19:48 ERROR: Tablega ma'lumot qo'shishda xatolik...
2024/07/02 11:22:08 INFO: CreateProduct servicega ma'lumot kelib tushdi...
2024/07/02 11:22:08 INFO: CreateUser service muvaffaqiyatli javob qaytardi...
2024/07/02 11:36:29 INFO: GetProductID servicega ma'lumot kelib tushdi...
2024/07/02 11:36:29 INFO: GetProductID service muvaffaqiyatli javob qaytardi...
2024/07/02 11:36:34 INFO: GetProductID servicega ma'lumot kelib tushdi...
2024/07/02 11:36:34 ERROR: Tabledan ma'lumot o'qishda xatolik...
2024/07/02 11:42:17 INFO: CreateProduct servicega ma'lumot kelib tushdi...
2024/07/02 11:42:17 INFO: CreateUser service muvaffaqiyatli javob qaytardi...
2024/07/02 11:42:25 INFO: CreateProduct servicega ma'lumot kelib tushdi...
2024/07/02 11:42:25 INFO: CreateUser service muvaffaqiyatli javob qaytardi...
2024/07/02 11:42:28 INFO: CreateProduct servicega ma'lumot kelib tushdi...
2024/07/02 11:42:28 INFO: CreateUser service muvaffaqiyatli javob qaytardi...
2024/07/02 11:42:33 INFO: CreateProduct servicega ma'lumot kelib tushdi...
2024/07/02 11:42:33 INFO: CreateUser service muvaffaqiyatli javob qaytardi...
2024/07/02 11:42:38 INFO: CreateProduct servicega ma'lumot kelib tushdi...
2024/07/02 11:42:38 INFO: CreateUser service muvaffaqiyatli javob qaytardi...
2024/07/02 19:10:15 INFO: CreateProduct servicega ma'lumot kelib tushdi...
2024/07/02 19:10:15 INFO: CreateUser service muvaffaqiyatli javob qaytardi...
2024/07/02 19:12:14 INFO: CreateProduct servicega ma'lumot kelib tushdi...
2024/07/02 19:12:14 INFO: CreateUser service muvaffaqiyatli javob qaytardi...
2024/07/02 19:30:02 INFO: GetProductID servicega ma'lumot kelib tushdi...
2024/07/02 19:31:22 INFO: GetProductID servicega ma'lumot kelib tushdi...
2024/07/02 19:31:22 ERROR: Bunday IDli product mavjud emas...
2024/07/02 19:32:10 INFO: GetProductID servicega ma'lumot kelib tushdi...
2024/07/02 19:32:10 ERROR: Bunday IDli product mavjud emas...
2024/07/02 19:34:42 INFO: GetProductID servicega ma'lumot kelib tushdi...
2024/07/02 19:34:42 ERROR: Bunday IDli product mavjud emas...
2024/07/02 19:35:06 INFO: GetProductID servicega ma'lumot kelib tushdi...
2024/07/02 19:35:06 ERROR: Bunday IDli product mavjud emas...
2024/07/02 19:36:15 INFO: GetProductID servicega ma'lumot kelib tushdi...
2024/07/02 19:36:36 INFO: GetProductID servicega ma'lumot kelib tushdi...
2024/07/02 19:36:36 ERROR: Bunday IDli product mavjud emas...
2024/07/02 19:45:08 INFO: GetProductID servicega ma'lumot kelib tushdi...
2024/07/02 19:45:26 INFO: GetProductID servicega ma'lumot kelib tushdi...
2024/07/02 19:47:46 INFO: GetProductID servicega ma'lumot kelib tushdi...
2024/07/02 19:47:46 INFO: GetProductID service muvaffaqiyatli javob qaytardi...
2024/07/02 19:52:36 INFO: GetProductID servicega ma'lumot kelib tushdi...
2024/07/02 21:00:38 ERROR: Ma'lumotlarni stream orqali yuborishda xatolik...
2024/07/02 21:05:13 INFO: CreateProduct servicega ma'lumot kelib tushdi...
2024/07/02 21:05:13 INFO: CreateUser service muvaffaqiyatli javob qaytardi...
2024/07/02 21:05:34 INFO: CreateProduct servicega ma'lumot kelib tushdi...
2024/07/02 21:05:34 INFO: CreateUser service muvaffaqiyatli javob qaytardi...
2024/07/03 00:08:34 INFO: GetProductID servicega ma'lumot kelib tushdi...
2024/07/03 00:08:34 INFO: GetProductID service muvaffaqiyatli javob qaytardi...
2024/07/03 00:08:40 INFO: GetProductID servicega ma'lumot kelib tushdi...
2024/07/03 00:43:13 INFO: CreateProduct servicega ma'lumot kelib tushdi...
2024/07/03 00:43:13 INFO: CreateUser service muvaffaqiyatli javob qaytardi...
2024/07/03 00:50:50 INFO: GetProductID servicega ma'lumot kelib tushdi...
2024/07/03 00:51:51 INFO: GetProductID servicega ma'lumot kelib tushdi...
2024/07/03 00:55:23 INFO: GetProductID servicega ma'lumot kelib tushdi...
2024/07/03 00:57:27 INFO: GetProductID servicega ma'lumot kelib tushdi...
2024/07/03 00:58:48 INFO: GetProductID servicega ma'lumot kelib tushdi...
2024/07/03 01:01:30 INFO: GetProductID servicega ma'lumot kelib tushdi...
2024/07/03 01:06:21 INFO: CreateProduct servicega ma'lumot kelib tushdi...
2024/07/03 01:06:21 INFO: CreateUser service muvaffaqiyatli javob qaytardi...
2024/07/03 01:08:29 INFO: GetProductID servicega ma'lumot kelib tushdi...
2024/07/03 01:08:29 INFO: GetProductID service muvaffaqiyatli javob qaytardi...
2024/07/03 01:11:37 INFO: GetProductID servicega ma'lumot kelib tushdi...
2024/07/03 01:17:34 INFO: GetProductID servicega ma'lumot kelib tushdi...
2024/07/03 01:17:34 ERROR: Tabledan ma'lumot o'qishda xatolik...
2024/07/03 01:18:33 INFO: GetProductID servicega ma'lumot kelib tushdi...
2024/07/03 01:18:33 INFO: GetProductID service muvaffaqiyatli javob qaytardi...
2024/07/03 01:18:39 INFO: GetProductID servicega ma'lumot kelib tushdi...
2024/07/03 01:20:09 INFO: GetProductID servicega ma'lumot kelib tushdi...
2024/07/03 01:25:19 INFO: GetProductID servicega ma'lumot kelib tushdi...
2024/07/03 01:26:04 INFO: GetProductID servicega ma'lumot kelib tushdi...
2024/07/03 01:27:25 INFO: GetProductID servicega ma'lumot kelib tushdi...
2024/07/03 07:54:47 INFO: CreateProduct servicega ma'lumot kelib tushdi...
2024/07/03 07:54:47 INFO: CreateUser service muvaffaqiyatli javob qaytardi...
2024/07/03 07:55:16 INFO: GetProductID servicega ma'lumot kelib tushdi...
2024/07/03 07:55:16 INFO: GetProductID service muvaffaqiyatli javob qaytardi...
2024/07/03 07:57:35 INFO: GetProductID servicega ma'lumot kelib tushdi...
2024/07/03 07:59:30 INFO: GetProductID servicega ma'lumot kelib tushdi...
2024/07/03 07:59:30 INFO: GetProductID service muvaffaqiyatli javob qaytardi...
2024/07/03 08:02:23 INFO: GetProductID servicega ma'lumot kelib tushdi...
2024/07/03 08:02:23 INFO: GetProductID service muvaffaqiyatli javob qaytardi...
2024/07/03 08:05:01 INFO: GetProductID servicega ma'lumot kelib tushdi...
2024/07/03 08:05:01 INFO: GetProductID service muvaffaqiyatli javob qaytardi...
2024/07/03 08:12:49 INFO: GetProductID servicega ma'lumot kelib tushdi...
2024/07/03 08:12:49 INFO: GetProductID service muvaffaqiyatli javob qaytardi...
2024/07/03 08:13:36 INFO: GetProductID servicega ma'lumot kelib tushdi...
2024/07/03 08:13:36 INFO: GetProductID service muvaffaqiyatli javob qaytardi...
2024/07/03 08:23:23 INFO: GetProductID servicega ma'lumot kelib tushdi...
2024/07/03 08:23:23 INFO: GetProductID service muvaffaqiyatli javob qaytardi...
2024/07/03 08:24:35 INFO: GetProductID servicega ma'lumot kelib tushdi...
2024/07/03 08:24:35 INFO: GetProductID service muvaffaqiyatli javob qaytardi...
2024/07/03 08:26:08 INFO: GetProductID servicega ma'lumot kelib tushdi...
2024/07/03 08:26:08 INFO: GetProductID service muvaffaqiyatli javob qaytardi...
2024/07/03 08:27:07 INFO: GetProductID servicega ma'lumot kelib tushdi...
2024/07/03 08:27:07 INFO: GetProductID service muvaffaqiyatli javob qaytardi...
2024/07/03 08:28:05 INFO: GetProductID servicega ma'lumot kelib tushdi...
2024/07/03 08:28:05 INFO: GetProductID service muvaffaqiyatli javob qaytardi...
2024/07/03 08:32:36 INFO: GetProductID servicega ma'lumot kelib tushdi...
2024/07/03 08:32:36 INFO: GetProductID service muvaffaqiyatli javob qaytardi...
2024/07/03 08:40:03 INFO: GetProductID servicega ma'lumot kelib tushdi...
2024/07/03 08:40:03 INFO: GetProductID service muvaffaqiyatli javob qaytardi...
2024/07/03 08:41:15 INFO: GetProductID servicega ma'lumot kelib tushdi...
2024/07/03 08:41:15 INFO: GetProductID service muvaffaqiyatli javob qaytardi...
2024/07/03 08:41:59 INFO: GetProductID servicega ma'lumot kelib tushdi...
2024/07/03 08:42:28 INFO: GetProductID servicega ma'lumot kelib tushdi...
2024/07/03 08:42:28 INFO: GetProductID service muvaffaqiyatli javob qaytardi...
2024/07/03 08:44:52 INFO: GetProductID servicega ma'lumot kelib tushdi...
2024/07/03 08:44:52 INFO: GetProductID service muvaffaqiyatli javob qaytardi...
2024/07/03 08:45:00 INFO: GetProductID servicega ma'lumot kelib tushdi...
2024/07/03 08:52:09 INFO: GetProductID servicega ma'lumot kelib tushdi...
2024/07/03 08:52:09 INFO: GetProductID service muvaffaqiyatli javob qaytardi...
2024/07/03 09:26:14 INFO: GetProductID servicega ma'lumot kelib tushdi...
2024/07/03 09:26:14 INFO: GetProductID service muvaffaqiyatli javob qaytardi...
2024/07/03 10:03:16 INFO: GetProductID servicega ma'lumot kelib tushdi...
2024/07/03 10:03:16 INFO: GetProductID service muvaffaqiyatli javob qaytardi...
2024/07/03 10:03:16 INFO: GetProductID servicega ma'lumot kelib tushdi...
2024/07/03 10:03:16 INFO: GetProductID service muvaffaqiyatli javob qaytardi...
2024/07/03 10:03:16 INFO: GetProductID servicega ma'lumot kelib tushdi...
2024/07/03 10:03:16 INFO: GetProductID service muvaffaqiyatli javob qaytardi...
2024/07/03 10:25:07 INFO: CreateProduct servicega ma'lumot kelib tushdi...
2024/07/03 10:25:07 INFO: CreateUser service muvaffaqiyatli javob qaytardi...
2024/07/03 10:26:36 INFO: GetProductID servicega ma'lumot kelib tushdi...
2024/07/03 10:26:36 INFO: GetProductID service muvaffaqiyatli javob qaytardi...
2024/07/03 10:41:43 INFO: GetProductID servicega ma'lumot kelib tushdi...
2024/07/03 10:41:43 INFO: GetProductID service muvaffaqiyatli javob qaytardi...
2024/07/03 11:37:56 INFO: CreateProduct servicega ma'lumot kelib tushdi...
2024/07/03 11:37:56 INFO: CreateUser service muvaffaqiyatli javob qaytardi...
2024/07/03 11:38:43 INFO: GetProductID servicega ma'lumot kelib tushdi...
2024/07/03 11:38:43 INFO: GetProductID service muvaffaqiyatli javob qaytardi...
2024/07/03 11:38:48 INFO: GetProductID servicega ma'lumot kelib tushdi...
2024/07/03 11:38:48 INFO: GetProductID service muvaffaqiyatli javob qaytardi...
2024/07/03 11:38:56 INFO: GetProductID servicega ma'lumot kelib tushdi...
2024/07/03 11:39:45 INFO: GetProductID servicega ma'lumot kelib tushdi...
2024/07/03 11:39:45 INFO: GetProductID service muvaffaqiyatli javob qaytardi...
2024/07/03 11:42:14 INFO: GetProductID servicega ma'lumot kelib tushdi...
2024/07/03 11:42:14 INFO: GetProductID service muvaffaqiyatli javob qaytardi...
2024/07/03 11:44:07 INFO: GetProductID servicega ma'lumot kelib tushdi...
2024/07/03 11:44:07 INFO: GetProductID service muvaffaqiyatli javob qaytardi...
2024/07/03 11:44:07 INFO: GetProductID servicega ma'lumot kelib tushdi...
2024/07/03 11:44:07 INFO: GetProductID service muvaffaqiyatli javob qaytardi...
