2024/07/03 00:11:00 CreateOrder servicega ma'lumot kelib tushdi...
2024/07/03 00:24:05 CreateOrder servicega ma'lumot kelib tushdi...
2024/07/03 00:40:27 CreateOrder servicega ma'lumot kelib tushdi...
2024/07/03 00:50:50 CreateOrder servicega ma'lumot kelib tushdi...
2024/07/03 00:50:50 ERROR: Buyurtmani yaratishda xatolik...
2024/07/03 00:51:51 CreateOrder servicega ma'lumot kelib tushdi...
2024/07/03 00:51:51 ERROR: Buyurtmani yaratishda xatolik...
2024/07/03 00:55:23 CreateOrder servicega ma'lumot kelib tushdi...
2024/07/03 01:10:49 CreateOrder servicega ma'lumot kelib tushdi...
2024/07/03 01:11:37 CreateOrder servicega ma'lumot kelib tushdi...
2024/07/03 01:20:09 CreateOrder servicega ma'lumot kelib tushdi...
2024/07/03 01:25:19 CreateOrder servicega ma'lumot kelib tushdi...
2024/07/03 01:26:04 CreateOrder servicega ma'lumot kelib tushdi...
2024/07/03 01:27:25 CreateOrder servicega ma'lumot kelib tushdi...
2024/07/03 07:57:28 CreateOrder servicega ma'lumot kelib tushdi...
2024/07/03 07:59:19 CreateOrder servicega ma'lumot kelib tushdi...
2024/07/03 07:59:30 ERROR: Buyurtmani yaratishda xatolik...
2024/07/03 08:02:23 CreateOrder servicega ma'lumot kelib tushdi...
2024/07/03 08:02:23 ERROR: Buyurtmani yaratishda xatolik...
2024/07/03 08:05:01 CreateOrder servicega ma'lumot kelib tushdi...
2024/07/03 08:05:01 ERROR: Buyurtmani yaratishda xatolik...
2024/07/03 08:12:48 CreateOrder servicega ma'lumot kelib tushdi...
2024/07/03 08:12:49 ERROR: Buyurtmani yaratishda xatolik...
2024/07/03 08:13:36 CreateOrder servicega ma'lumot kelib tushdi...
2024/07/03 08:13:36 ERROR: Buyurtmani yaratishda xatolik...
2024/07/03 08:23:23 CreateOrder servicega ma'lumot kelib tushdi...
2024/07/03 08:23:23 ERROR: Buyurtmani yaratishda xatolik...
2024/07/03 08:24:35 CreateOrder servicega ma'lumot kelib tushdi...
2024/07/03 08:24:35 ERROR: Buyurtmani yaratishda xatolik...
2024/07/03 08:26:07 CreateOrder servicega ma'lumot kelib tushdi...
2024/07/03 08:26:08 ERROR: Buyurtmani yaratishda xatolik...
2024/07/03 08:27:07 CreateOrder servicega ma'lumot kelib tushdi...
2024/07/03 08:27:07 ERROR: Buyurtmani yaratishda xatolik...
2024/07/03 08:28:05 CreateOrder servicega ma'lumot kelib tushdi...
2024/07/03 08:28:05 ERROR: Buyurtmani yaratishda xatolik...
2024/07/03 08:32:36 CreateOrder servicega ma'lumot kelib tushdi...
2024/07/03 08:32:36 ERROR: Buyurtmani yaratishda xatolik...
2024/07/03 08:40:03 CreateOrder servicega ma'lumot kelib tushdi...
2024/07/03 08:40:03 ERROR: Buyurtmani yaratishda xatolik...
2024/07/03 08:41:15 CreateOrder servicega ma'lumot kelib tushdi...
2024/07/03 08:41:15 INFO: Buyurtma muvaffaqiyatli yaratildi...
2024/07/03 08:41:59 CreateOrder servicega ma'lumot kelib tushdi...
2024/07/03 08:42:28 CreateOrder servicega ma'lumot kelib tushdi...
2024/07/03 08:42:28 INFO: Buyurtma muvaffaqiyatli yaratildi...
2024/07/03 08:44:52 CreateOrder servicega ma'lumot kelib tushdi...
2024/07/03 08:44:52 INFO: Buyurtma muvaffaqiyatli yaratildi...
2024/07/03 08:45:00 CreateOrder servicega ma'lumot kelib tushdi...
2024/07/03 08:45:00 INFO: Buyurtma muvaffaqiyatli yaratildi...
2024/07/03 08:52:09 CreateOrder servicega ma'lumot kelib tushdi...
2024/07/03 08:52:09 INFO: Buyurtma muvaffaqiyatli yaratildi...
2024/07/03 09:14:02 CreateOrders servicega ma'lumot kelib tushdi...
2024/07/03 09:24:21 CreateOrders servicega ma'lumot kelib tushdi...
2024/07/03 09:25:25 CreateOrders servicega ma'lumot kelib tushdi...
2024/07/03 09:26:14 CreateOrder servicega ma'lumot kelib tushdi...
2024/07/03 09:26:14 INFO: Buyurtma muvaffaqiyatli yaratildi...
2024/07/03 09:27:37 CreateOrders servicega ma'lumot kelib tushdi...
2024/07/03 10:03:16 CreateOrders servicega ma'lumot kelib tushdi...
2024/07/03 10:15:59 GetOrder servicega ma'lumot kelib tushdi...
2024/07/03 10:15:59 ERROR: Tabledan ma'lumot o'qishda xatolik...
2024/07/03 10:16:40 GetOrder servicega ma'lumot kelib tushdi...
2024/07/03 10:23:03 GetOrder servicega ma'lumot kelib tushdi...
2024/07/03 10:26:36 CreateOrder servicega ma'lumot kelib tushdi...
2024/07/03 10:26:36 INFO: Buyurtma muvaffaqiyatli yaratildi...
2024/07/03 11:42:14 CreateOrder servicega ma'lumot kelib tushdi...
2024/07/03 11:42:14 INFO: Buyurtma muvaffaqiyatli yaratildi...
2024/07/03 11:44:07 CreateOrders servicega ma'lumot kelib tushdi...
2024/07/03 11:45:37 GetOrder servicega ma'lumot kelib tushdi...
